Determining if the pthread_create exist failed with the following output:
Change Dir: /home/lyan/Documents/project/from_gerrit/pcl_demo/build/CMakeFiles/CMakeTmp

Run Build Command:"/usr/bin/make" "cmTC_4192b/fast"
/usr/bin/make -f CMakeFiles/cmTC_4192b.dir/build.make CMakeFiles/cmTC_4192b.dir/build
make[1]: Entering directory '/home/lyan/Documents/project/from_gerrit/pcl_demo/build/CMakeFiles/CMakeTmp'
Building C object CMakeFiles/cmTC_4192b.dir/CheckSymbolExists.c.o
/usr/bin/cc     -o CMakeFiles/cmTC_4192b.dir/CheckSymbolExists.c.o   -c /home/lyan/Documents/project/from_gerrit/pcl_demo/build/CMakeFiles/CMakeTmp/CheckSymbolExists.c
Linking C executable cmTC_4192b
/usr/bin/cmake -E cmake_link_script CMakeFiles/cmTC_4192b.dir/link.txt --verbose=1
/usr/bin/cc       CMakeFiles/cmTC_4192b.dir/CheckSymbolExists.c.o  -o cmTC_4192b -rdynamic 
CMakeFiles/cmTC_4192b.dir/CheckSymbolExists.c.o: In function `main':
CheckSymbolExists.c:(.text+0x16): undefined reference to `pthread_create'
collect2: error: ld returned 1 exit status
CMakeFiles/cmTC_4192b.dir/build.make:97: recipe for target 'cmTC_4192b' failed
make[1]: *** [cmTC_4192b] Error 1
make[1]: Leaving directory '/home/lyan/Documents/project/from_gerrit/pcl_demo/build/CMakeFiles/CMakeTmp'
Makefile:126: recipe for target 'cmTC_4192b/fast' failed
make: *** [cmTC_4192b/fast] Error 2

File /home/lyan/Documents/project/from_gerrit/pcl_demo/build/CMakeFiles/CMakeTmp/CheckSymbolExists.c:
/* */
#include <pthread.h>

int main(int argc, char** argv)
{
  (void)argv;
#ifndef pthread_create
  return ((int*)(&pthread_create))[argc];
#else
  (void)argc;
  return 0;
#endif
}

Determining if the function pthread_create exists in the pthreads failed with the following output:
Change Dir: /home/lyan/Documents/project/from_gerrit/pcl_demo/build/CMakeFiles/CMakeTmp

Run Build Command:"/usr/bin/make" "cmTC_36710/fast"
/usr/bin/make -f CMakeFiles/cmTC_36710.dir/build.make CMakeFiles/cmTC_36710.dir/build
make[1]: Entering directory '/home/lyan/Documents/project/from_gerrit/pcl_demo/build/CMakeFiles/CMakeTmp'
Building C object CMakeFiles/cmTC_36710.dir/CheckFunctionExists.c.o
/usr/bin/cc    -DCHECK_FUNCTION_EXISTS=pthread_create   -o CMakeFiles/cmTC_36710.dir/CheckFunctionExists.c.o   -c /usr/share/cmake-3.5/Modules/CheckFunctionExists.c
Linking C executable cmTC_36710
/usr/bin/cmake -E cmake_link_script CMakeFiles/cmTC_36710.dir/link.txt --verbose=1
/usr/bin/cc   -DCHECK_FUNCTION_EXISTS=pthread_create    CMakeFiles/cmTC_36710.dir/CheckFunctionExists.c.o  -o cmTC_36710 -rdynamic -lpthreads 
/usr/bin/ld: cannot find -lpthreads
collect2: error: ld returned 1 exit status
CMakeFiles/cmTC_36710.dir/build.make:97: recipe for target 'cmTC_36710' failed
make[1]: *** [cmTC_36710] Error 1
make[1]: Leaving directory '/home/lyan/Documents/project/from_gerrit/pcl_demo/build/CMakeFiles/CMakeTmp'
Makefile:126: recipe for target 'cmTC_36710/fast' failed
make: *** [cmTC_36710/fast] Error 2


